\BOOKMARK [1][-]{section.1}{\376\377\000I\000n\000t\000r\000o\000d\000u\000c\000c\000i\000\363\000n\000\040\000y\000\040\000D\000e\000s\000c\000r\000i\000p\000c\000i\000\363\000n\000\040\000d\000e\000l\000\040\000P\000i\000p\000e\000l\000i\000n\000e}{}% 1
\BOOKMARK [1][-]{section.2}{\376\377\000D\000e\000s\000a\000r\000r\000o\000l\000l\000o\000\040\000d\000e\000l\000\040\000P\000i\000p\000e\000l\000i\000n\000e\000:\000\040\000M\000e\000t\000o\000d\000o\000l\000o\000g\000\355\000a\000\040\000d\000e\000\040\000T\000r\000a\000b\000a\000j\000o}{}% 2
\BOOKMARK [2][-]{subsection.2.1}{\376\377\000E\000s\000t\000r\000a\000t\000e\000g\000i\000a\000\040\000d\000e\000\040\000D\000e\000s\000a\000r\000r\000o\000l\000l\000o\000\040\000c\000o\000n\000\040\000G\000i\000t\000H\000u\000b}{section.2}% 3
\BOOKMARK [2][-]{subsection.2.2}{\376\377\000I\000n\000t\000e\000g\000r\000a\000c\000i\000\363\000n\000\040\000e\000n\000\040\000e\000l\000\040\000W\000o\000r\000k\000f\000l\000o\000w\000\040\000P\000r\000i\000n\000c\000i\000p\000a\000l}{section.2}% 4
\BOOKMARK [1][-]{section.3}{\376\377\000E\000j\000e\000c\000u\000c\000i\000\363\000n\000\040\000e\000n\000\040\000e\000l\000\040\000H\000P\000C\000\040\000P\000i\000c\000a\000s\000s\000o\000:\000\040\000P\000e\000r\000f\000i\000l\000\040\000S\000i\000n\000g\000u\000l\000a\000r\000i\000t\000y}{}% 5
\BOOKMARK [2][-]{subsection.3.1}{\376\377\000C\000o\000n\000f\000i\000g\000u\000r\000a\000c\000i\000\363\000n\000\040\000d\000e\000l\000\040\000E\000n\000t\000o\000r\000n\000o\000\040\000H\000P\000C}{section.3}% 6
\BOOKMARK [2][-]{subsection.3.2}{\376\377\000E\000j\000e\000c\000u\000c\000i\000\363\000n\000\040\000d\000e\000l\000\040\000P\000i\000p\000e\000l\000i\000n\000e}{section.3}% 7
\BOOKMARK [2][-]{subsection.3.3}{\376\377\000C\000o\000n\000s\000i\000d\000e\000r\000a\000c\000i\000o\000n\000e\000s\000\040\000d\000e\000\040\000R\000e\000c\000u\000r\000s\000o\000s}{section.3}% 8
\BOOKMARK [1][-]{section.4}{\376\377\000P\000r\000o\000b\000l\000e\000m\000a\000\040\000T\000\351\000c\000n\000i\000c\000o\000:\000\040\000I\000n\000t\000e\000g\000r\000a\000c\000i\000\363\000n\000\040\000d\000e\000l\000\040\000A\000n\000\341\000l\000i\000s\000i\000s\000\040\000E\000x\000p\000l\000o\000r\000a\000t\000o\000r\000i\000o\000\040\000e\000n\000\040\000R}{}% 9
\BOOKMARK [2][-]{subsection.4.1}{\376\377\000D\000e\000s\000c\000r\000i\000p\000c\000i\000\363\000n\000\040\000d\000e\000l\000\040\000P\000r\000o\000b\000l\000e\000m\000a}{section.4}% 10
\BOOKMARK [2][-]{subsection.4.2}{\376\377\000S\000o\000l\000u\000c\000i\000\363\000n\000\040\000A\000d\000o\000p\000t\000a\000d\000a\000:\000\040\000E\000j\000e\000c\000u\000c\000i\000\363\000n\000\040\000I\000n\000d\000e\000p\000e\000n\000d\000i\000e\000n\000t\000e}{section.4}% 11
\BOOKMARK [1][-]{section.5}{\376\377\000M\000\363\000d\000u\000l\000o\000s\000\040\000y\000\040\000P\000a\000r\000\341\000m\000e\000t\000r\000o\000s\000\040\000U\000t\000i\000l\000i\000z\000a\000d\000o\000s}{}% 12
\BOOKMARK [2][-]{subsection.5.1}{\376\377\000F\000a\000s\000t\000Q\000C}{section.5}% 13
\BOOKMARK [2][-]{subsection.5.2}{\376\377\000T\000r\000i\000m\000m\000o\000m\000a\000t\000i\000c}{section.5}% 14
\BOOKMARK [2][-]{subsection.5.3}{\376\377\000S\000T\000A\000R\000\137\000I\000N\000D\000E\000X}{section.5}% 15
\BOOKMARK [2][-]{subsection.5.4}{\376\377\000S\000T\000A\000R\000\137\000A\000L\000I\000G\000N}{section.5}% 16
\BOOKMARK [2][-]{subsection.5.5}{\376\377\000S\000A\000M\000t\000o\000o\000l\000s}{section.5}% 17
\BOOKMARK [2][-]{subsection.5.6}{\376\377\000P\000i\000c\000a\000r\000d\000\040\000M\000a\000r\000k\000D\000u\000p\000l\000i\000c\000a\000t\000e\000s}{section.5}% 18
\BOOKMARK [2][-]{subsection.5.7}{\376\377\000F\000e\000a\000t\000u\000r\000e\000C\000o\000u\000n\000t\000s}{section.5}% 19
\BOOKMARK [2][-]{subsection.5.8}{\376\377\000M\000u\000l\000t\000i\000Q\000C}{section.5}% 20
\BOOKMARK [2][-]{subsection.5.9}{\376\377\000M\000\363\000d\000u\000l\000o\000\040\000d\000e\000\040\000R\000\040\000\050\000A\000n\000\341\000l\000i\000s\000i\000s\000\040\000E\000x\000p\000l\000o\000r\000a\000t\000o\000r\000i\000o\000\051}{section.5}% 21
\BOOKMARK [1][-]{section.6}{\376\377\000R\000e\000s\000u\000l\000t\000a\000d\000o\000s\000\040\000y\000\040\000E\000s\000t\000r\000u\000c\000t\000u\000r\000a\000\040\000d\000e\000\040\000S\000a\000l\000i\000d\000a\000s}{}% 22
\BOOKMARK [1][-]{section.7}{\376\377\000I\000n\000t\000e\000r\000p\000r\000e\000t\000a\000c\000i\000\363\000n\000\040\000d\000e\000\040\000l\000o\000s\000\040\000R\000e\000s\000u\000l\000t\000a\000d\000o\000s}{}% 23
\BOOKMARK [2][-]{subsection.7.1}{\376\377\000I\000n\000t\000e\000r\000p\000r\000e\000t\000a\000c\000i\000\363\000n\000\040\000d\000e\000l\000\040\000C\000o\000n\000t\000r\000o\000l\000\040\000d\000e\000\040\000C\000a\000l\000i\000d\000a\000d\000\040\000\050\000Q\000C\000\051}{section.7}% 24
\BOOKMARK [2][-]{subsection.7.2}{\376\377\000I\000n\000t\000e\000r\000p\000r\000e\000t\000a\000c\000i\000\363\000n\000\040\000d\000e\000l\000\040\000A\000n\000\341\000l\000i\000s\000i\000s\000\040\000E\000x\000p\000l\000o\000r\000a\000t\000o\000r\000i\000o\000\040\000\050\000R\000\051}{section.7}% 25
\BOOKMARK [1][-]{section.8}{\376\377\000I\000n\000s\000t\000r\000u\000c\000c\000i\000o\000n\000e\000s\000\040\000d\000e\000\040\000R\000e\000p\000r\000o\000d\000u\000c\000c\000i\000\363\000n}{}% 26
\BOOKMARK [2][-]{subsection.8.1}{\376\377\000R\000e\000q\000u\000i\000s\000i\000t\000o\000s\000\040\000P\000r\000e\000v\000i\000o\000s}{section.8}% 27
\BOOKMARK [2][-]{subsection.8.2}{\376\377\000E\000j\000e\000c\000u\000c\000i\000\363\000n\000\040\000L\000o\000c\000a\000l\000\040\000\050\000D\000o\000c\000k\000e\000r\000\051}{section.8}% 28
\BOOKMARK [2][-]{subsection.8.3}{\376\377\000E\000j\000e\000c\000u\000c\000i\000\363\000n\000\040\000e\000n\000\040\000H\000P\000C\000\040\000P\000i\000c\000a\000s\000s\000o\000\040\000\050\000S\000i\000n\000g\000u\000l\000a\000r\000i\000t\000y\000\051}{section.8}% 29
\BOOKMARK [3][-]{subsubsection.8.3.1}{\376\377\000C\000o\000n\000t\000e\000n\000i\000d\000o\000\040\000d\000e\000l\000\040\000s\000c\000r\000i\000p\000t\000\040\000d\000e\000\040\000l\000a\000n\000z\000a\000m\000i\000e\000n\000t\000o\000\040\000\050\000s\000c\000r\000i\000p\000t\000.\000s\000h\000\051}{subsection.8.3}% 30
\BOOKMARK [2][-]{subsection.8.4}{\376\377\000E\000j\000e\000c\000u\000c\000i\000\363\000n\000\040\000d\000e\000l\000\040\000A\000n\000\341\000l\000i\000s\000i\000s\000\040\000e\000n\000\040\000R\000\040\000\050\000W\000o\000r\000k\000a\000r\000o\000u\000n\000d\000\051}{section.8}% 31
